Build started 3/1/2016 5:30:16 PM.
     1>Project "C:\Users\141327J\Desktop\SP4-master\Base\Base.vcxproj" on node 2 (Build target(s)).
     1>ClCompile:
         C:\Program Files (x86)\Microsoft Visual Studio 12.0\VC\bin\CL.exe /c /I"C:\Users\141327J\Desktop\SP4-master\/Common/Source" /I"C:\Users\141327J\Desktop\SP4-master\/glew/include" /I"C:\Users\141327J\Desktop\SP4-master\/glfw/include" /I"C:\Users\141327J\Desktop\SP4-master\/lua/include" /I"C:\Users\141327J\Desktop\SP4-master\/irrKlang/include" /ZI /nologo /W3 /WX- /Od /Oy- /D _VARIADIC_MAX=10 /D WIN32 /D _DEBUG /D _CONSOLE /D _CRTDBG_MAP_ALLOC /D _UNICODE /D UNICODE /Gm /EHsc /RTC1 /MDd /GS /fp:precise /Zc:wchar_t /Zc:forScope /Fo"Debug\\" /Fd"Debug\vc120.pdb" /Gd /TP /analyze- /errorReport:prompt Source\AI.cpp Source\Application.cpp Source\Camera.cpp Source\Camera3.cpp Source\DifficultySelectState.cpp Source\HighscoreState.cpp Source\InstructionState.cpp Source\LevelSelectState.cpp Source\LevelShopSelectionState.cpp Source\MenuState.cpp Source\OptionState.cpp Source\PauseState.cpp Source\PlayState.cpp Source\SceneManager2D.cpp Source\SceneManager2DforScreen.cpp Source\ShopState.cpp Source\SoundManager.cpp Source\WinState.cpp Source\main.cpp
         SceneManager2D.cpp
     1>c:\users\141327j\desktop\sp4-master\base\source\luausage.h(121): warning C4800: 'int' : forcing value to bool 'true' or 'false' (performance warning)
     1>c:\users\141327j\desktop\sp4-master\base\source\scenemanager2d.cpp(110): warning C4018: '<' : signed/unsigned mismatch
     1>c:\users\141327j\desktop\sp4-master\base\source\scenemanager2d.cpp(312): warning C4244: 'argument' : conversion from 'float' to 'const int', possible loss of data
     1>c:\users\141327j\desktop\sp4-master\base\source\scenemanager2d.cpp(409): warning C4018: '<' : signed/unsigned mismatch
     1>c:\users\141327j\desktop\sp4-master\base\source\scenemanager2d.cpp(705): warning C4244: 'argument' : conversion from 'double' to 'float', possible loss of data
     1>c:\users\141327j\desktop\sp4-master\base\source\scenemanager2d.cpp(825): warning C4018: '<' : signed/unsigned mismatch
     1>c:\users\141327j\desktop\sp4-master\base\source\scenemanager2d.cpp(831): warning C4244: 'argument' : conversion from 'float' to 'const int', possible loss of data
     1>c:\users\141327j\desktop\sp4-master\base\source\scenemanager2d.cpp(833): warning C4244: 'argument' : conversion from 'float' to 'const int', possible loss of data
     1>c:\users\141327j\desktop\sp4-master\base\source\scenemanager2d.cpp(838): warning C4244: 'argument' : conversion from 'float' to 'const int', possible loss of data
     1>c:\users\141327j\desktop\sp4-master\base\source\scenemanager2d.cpp(842): warning C4244: 'argument' : conversion from 'float' to 'const int', possible loss of data
     1>c:\users\141327j\desktop\sp4-master\base\source\scenemanager2d.cpp(846): warning C4244: 'argument' : conversion from 'float' to 'const int', possible loss of data
     1>c:\users\141327j\desktop\sp4-master\base\source\scenemanager2d.cpp(848): warning C4244: 'argument' : conversion from 'float' to 'const int', possible loss of data
     1>c:\users\141327j\desktop\sp4-master\base\source\scenemanager2d.cpp(850): warning C4244: 'argument' : conversion from 'float' to 'const int', possible loss of data
     1>c:\users\141327j\desktop\sp4-master\base\source\scenemanager2d.cpp(852): warning C4244: 'argument' : conversion from 'float' to 'const int', possible loss of data
     1>c:\users\141327j\desktop\sp4-master\base\source\scenemanager2d.cpp(854): warning C4244: 'argument' : conversion from 'float' to 'const int', possible loss of data
     1>c:\users\141327j\desktop\sp4-master\base\source\scenemanager2d.cpp(856): warning C4244: 'argument' : conversion from 'float' to 'const int', possible loss of data
     1>c:\users\141327j\desktop\sp4-master\base\source\scenemanager2d.cpp(858): warning C4244: 'argument' : conversion from 'float' to 'const int', possible loss of data
     1>c:\users\141327j\desktop\sp4-master\base\source\scenemanager2d.cpp(860): warning C4244: 'argument' : conversion from 'float' to 'const int', possible loss of data
     1>c:\users\141327j\desktop\sp4-master\base\source\scenemanager2d.cpp(866): warning C4018: '<' : signed/unsigned mismatch
     1>c:\users\141327j\desktop\sp4-master\base\source\scenemanager2d.cpp(883): warning C4244: 'argument' : conversion from 'float' to 'const int', possible loss of data
     1>c:\users\141327j\desktop\sp4-master\base\source\scenemanager2d.cpp(894): warning C4244: 'argument' : conversion from 'float' to 'const int', possible loss of data
     1>c:\users\141327j\desktop\sp4-master\base\source\scenemanager2d.cpp(896): warning C4018: '<' : signed/unsigned mismatch
     1>c:\users\141327j\desktop\sp4-master\base\source\scenemanager2d.cpp(899): warning C4244: 'argument' : conversion from 'float' to 'const int', possible loss of data
         Generating Code...
         Compiling...
         PlayState.cpp
     1>c:\users\141327j\desktop\sp4-master\base\source\luausage.h(121): warning C4800: 'int' : forcing value to bool 'true' or 'false' (performance warning)
     1>c:\users\141327j\desktop\sp4-master\base\source\playstate.cpp(155): warning C4805: '==' : unsafe mix of type 'const int' and type 'bool' in operation
         Generating Code...
         Skipping... (no relevant changes detected)
         main.cpp
         WinState.cpp
         SoundManager.cpp
         ShopState.cpp
         SceneManager2DforScreen.cpp
         PauseState.cpp
         OptionState.cpp
         MenuState.cpp
         LevelShopSelectionState.cpp
         LevelSelectState.cpp
         InstructionState.cpp
         HighscoreState.cpp
         DifficultySelectState.cpp
         Camera3.cpp
         Camera.cpp
         Application.cpp
         AI.cpp
       Link:
         C:\Program Files (x86)\Microsoft Visual Studio 12.0\VC\bin\link.exe /ERRORREPORT:PROMPT /OUT:"C:\Users\141327J\Desktop\SP4-master\Debug\Base.exe" /INCREMENTAL:NO /NOLOGO /LIBPATH:"C:\Users\141327J\Desktop\SP4-master\Debug" /LIBPATH:"C:\Users\141327J\Desktop\SP4-master\/glfw/lib-msvc100" /LIBPATH:"C:\Users\141327J\Desktop\SP4-master\/glew/lib" /LIBPATH:"C:\Users\141327J\Desktop\SP4-master\/lua/lib" /LIBPATH:"C:\Users\141327J\Desktop\SP4-master\/irrKlang/lib" Common.lib winmm.lib opengl32.lib glu32.lib glew32.lib glfw3.lib lua5.1.lib irrKlang.lib kernel32.lib user32.lib gdi32.lib winspool.lib comdlg32.lib advapi32.lib shell32.lib ole32.lib oleaut32.lib uuid.lib odbc32.lib odbccp32.lib /MANIFEST /MANIFESTUAC:"level='asInvoker' uiAccess='false'" /manifest:embed /DEBUG /PDB:"C:\Users\141327J\Desktop\SP4-master\Debug\Base.pdb" /SUBSYSTEM:CONSOLE /TLBID:1 /DYNAMICBASE /NXCOMPAT /IMPLIB:"C:\Users\141327J\Desktop\SP4-master\Debug\Base.lib" /MACHINE:X86 Debug\AI.obj
         Debug\Application.obj
         Debug\Button.obj
         Debug\Camera.obj
         Debug\Camera3.obj
         Debug\DifficultySelectState.obj
         Debug\Enemy.obj
         Debug\GameStateManager.obj
         Debug\Goodies.obj
         Debug\GoodiesFactory.obj
         Debug\Grid.obj
         Debug\GridSystem.obj
         Debug\Highscore.obj
         Debug\HighscoreData.obj
         Debug\HighscoreState.obj
         Debug\InstructionState.obj
         Debug\Item.obj
         Debug\LevelDetails.obj
         Debug\LevelLoader.obj
         Debug\LevelSelectState.obj
         Debug\LevelShopSelectionState.obj
         Debug\LoadOBJ.obj
         Debug\LoadTGA.obj
         Debug\LuaUsage.obj
         Debug\main.obj
         Debug\Map.obj
         Debug\MenuState.obj
         Debug\Mesh.obj
         Debug\MeshBuilder.obj
         Debug\Minimap.obj
         Debug\OptionState.obj
         Debug\Particle.obj
         Debug\PathFinding.obj
         Debug\PauseState.obj
         Debug\Player.obj
         Debug\PlayerInfo.obj
         Debug\PlayInfo3PV.obj
         Debug\PlayState.obj
         Debug\Save.obj
         Debug\SceneManager2D.obj
         Debug\SceneManager2DforScreen.obj
         Debug\shader.obj
         Debug\Shop.obj
         Debug\ShopState.obj
         Debug\SoundManager.obj
         Debug\SpriteAnimation.obj
         Debug\Strategy.obj
         Debug\Strategy_Kill.obj
         Debug\TreasureChest.obj
         Debug\Utility.obj
         Debug\WinState.obj
     1>AI.obj : warning LNK4075: ignoring '/EDITANDCONTINUE' due to '/OPT:LBR' specification
     1>LINK : warning LNK4098: defaultlib 'MSVCRT' conflicts with use of other libs; use /NODEFAULTLIB:library
         Base.vcxproj -> C:\Users\141327J\Desktop\SP4-master\Debug\Base.exe
     1>Done Building Project "C:\Users\141327J\Desktop\SP4-master\Base\Base.vcxproj" (Build target(s)).

Build succeeded.

Time Elapsed 00:00:03.32
