Build started 24/2/2016 12:53:07 AM.
     1>Project "C:\Users\Brandon\Desktop\SP4\Base\Base.vcxproj" on node 2 (Build target(s)).
     1>ClCompile:
         C:\Program Files (x86)\Microsoft Visual Studio 12.0\VC\bin\CL.exe /c /IC:\Users\Brandon\Desktop\SP4\/Common/Source /IC:\Users\Brandon\Desktop\SP4\/glew/include /IC:\Users\Brandon\Desktop\SP4\/glfw/include /IC:\Users\Brandon\Desktop\SP4\/lua/include /IC:\Users\Brandon\Desktop\SP4\/irrKlang/include /ZI /nologo /W3 /WX- /Od /Oy- /D _VARIADIC_MAX=10 /D WIN32 /D _DEBUG /D _CONSOLE /D _CRTDBG_MAP_ALLOC /D _UNICODE /D UNICODE /Gm /EHsc /RTC1 /MDd /GS /fp:precise /Zc:wchar_t /Zc:forScope /Fo"Debug\\" /Fd"Debug\vc120.pdb" /Gd /TP /analyze- /errorReport:prompt Source\GridSystem.cpp
         GridSystem.cpp
     1>c:\users\brandon\desktop\sp4\base\source\gridsystem.cpp(13): warning C4018: '<' : signed/unsigned mismatch
     1>c:\users\brandon\desktop\sp4\base\source\gridsystem.cpp(46): warning C4244: 'initializing' : conversion from 'double' to 'int', possible loss of data
     1>c:\users\brandon\desktop\sp4\base\source\gridsystem.cpp(51): warning C4244: 'initializing' : conversion from 'double' to 'int', possible loss of data
     1>c:\users\brandon\desktop\sp4\base\source\gridsystem.cpp(52): warning C4244: '=' : conversion from 'double' to 'float', possible loss of data
     1>c:\users\brandon\desktop\sp4\base\source\gridsystem.cpp(59): warning C4244: 'initializing' : conversion from 'double' to 'int', possible loss of data
     1>c:\users\brandon\desktop\sp4\base\source\gridsystem.cpp(64): warning C4244: 'initializing' : conversion from 'double' to 'int', possible loss of data
     1>c:\users\brandon\desktop\sp4\base\source\gridsystem.cpp(65): warning C4244: '=' : conversion from 'double' to 'float', possible loss of data
     1>c:\users\brandon\desktop\sp4\base\source\gridsystem.cpp(81): warning C4018: '<' : signed/unsigned mismatch
     1>c:\users\brandon\desktop\sp4\base\source\gridsystem.cpp(149): warning C4018: '<' : signed/unsigned mismatch
       Link:
         C:\Program Files (x86)\Microsoft Visual Studio 12.0\VC\bin\link.exe /ERRORREPORT:PROMPT /OUT:"C:\Users\Brandon\Desktop\SP4\Debug\Base.exe" /INCREMENTAL:NO /NOLOGO /LIBPATH:C:\Users\Brandon\Desktop\SP4\Debug /LIBPATH:"C:\Users\Brandon\Desktop\SP4\/glfw/lib-msvc100" /LIBPATH:C:\Users\Brandon\Desktop\SP4\/glew/lib /LIBPATH:C:\Users\Brandon\Desktop\SP4\/lua/lib /LIBPATH:C:\Users\Brandon\Desktop\SP4\/irrKlang/lib Common.lib winmm.lib opengl32.lib glu32.lib glew32.lib glfw3.lib lua5.1.lib irrKlang.lib kernel32.lib user32.lib gdi32.lib winspool.lib comdlg32.lib advapi32.lib shell32.lib ole32.lib oleaut32.lib uuid.lib odbc32.lib odbccp32.lib /MANIFEST /MANIFESTUAC:"level='asInvoker' uiAccess='false'" /manifest:embed /DEBUG /PDB:"C:\Users\Brandon\Desktop\SP4\Debug\Base.pdb" /SUBSYSTEM:CONSOLE /TLBID:1 /DYNAMICBASE /NXCOMPAT /IMPLIB:"C:\Users\Brandon\Desktop\SP4\Debug\Base.lib" /MACHINE:X86 Debug\Application.obj
         Debug\Camera.obj
         Debug\Camera3.obj
         Debug\Enemy.obj
         Debug\GameStateManager.obj
         Debug\Goodies.obj
         Debug\GoodiesFactory.obj
         Debug\Grid.obj
         Debug\GridSystem.obj
         Debug\Highscore.obj
         Debug\HighscoreData.obj
         Debug\HighscoreState.obj
         Debug\InstructionState.obj
         Debug\Item.obj
         Debug\LevelLoader.obj
         Debug\LevelSelectState.obj
         Debug\LevelShopSelectionState.obj
         Debug\LoadOBJ.obj
         Debug\LoadTGA.obj
         Debug\LuaUsage.obj
         Debug\main.obj
         Debug\Map.obj
         Debug\MenuState.obj
         Debug\Mesh.obj
         Debug\MeshBuilder.obj
         Debug\Minimap.obj
         Debug\OptionState.obj
         Debug\Particle.obj
         Debug\PathFinding.obj
         Debug\PauseState.obj
         Debug\Player.obj
         Debug\PlayerInfo.obj
         Debug\PlayInfo3PV.obj
         Debug\PlayState.obj
         Debug\Save.obj
         Debug\SceneManager2D.obj
         Debug\SceneManager2DforScreen.obj
         Debug\shader.obj
         Debug\Shop.obj
         Debug\ShopState.obj
         Debug\SoundManager.obj
         Debug\SpriteAnimation.obj
         Debug\Strategy.obj
         Debug\Strategy_Kill.obj
         Debug\TreasureChest.obj
         Debug\Utility.obj
         Debug\WinState.obj
     1>Application.obj : warning LNK4075: ignoring '/EDITANDCONTINUE' due to '/OPT:LBR' specification
     1>LINK : warning LNK4098: defaultlib 'MSVCRT' conflicts with use of other libs; use /NODEFAULTLIB:library
         Base.vcxproj -> C:\Users\Brandon\Desktop\SP4\Debug\Base.exe
     1>Done Building Project "C:\Users\Brandon\Desktop\SP4\Base\Base.vcxproj" (Build target(s)).

Build succeeded.

Time Elapsed 00:00:00.91
