c:\users\141327j\desktop\sp4.git\base\debug\vc120.pdb
c:\users\141327j\desktop\sp4.git\base\debug\vc120.idb
c:\users\141327j\desktop\sp4.git\base\debug\particle.obj
c:\users\141327j\desktop\sp4.git\base\debug\pathfinding.obj
c:\users\141327j\desktop\sp4.git\base\debug\pausestate.obj
c:\users\141327j\desktop\sp4.git\base\debug\player.obj
c:\users\141327j\desktop\sp4.git\base\debug\playerinfo.obj
c:\users\141327j\desktop\sp4.git\base\debug\playinfo3pv.obj
c:\users\141327j\desktop\sp4.git\base\debug\playstate.obj
c:\users\141327j\desktop\sp4.git\base\debug\save.obj
c:\users\141327j\desktop\sp4.git\base\debug\scenemanager2d.obj
c:\users\141327j\desktop\sp4.git\base\debug\scenemanager2dforscreen.obj
c:\users\141327j\desktop\sp4.git\base\debug\shader.obj
c:\users\141327j\desktop\sp4.git\base\debug\shop.obj
c:\users\141327j\desktop\sp4.git\base\debug\shopstate.obj
c:\users\141327j\desktop\sp4.git\base\debug\soundmanager.obj
c:\users\141327j\desktop\sp4.git\base\debug\spriteanimation.obj
c:\users\141327j\desktop\sp4.git\base\debug\strategy.obj
c:\users\141327j\desktop\sp4.git\base\debug\strategy_kill.obj
c:\users\141327j\desktop\sp4.git\base\debug\treasurechest.obj
c:\users\141327j\desktop\sp4.git\base\debug\utility.obj
c:\users\141327j\desktop\sp4.git\base\debug\winstate.obj
c:\users\141327j\desktop\sp4.git\base\debug\gridsystem.obj
c:\users\141327j\desktop\sp4.git\base\debug\highscore.obj
c:\users\141327j\desktop\sp4.git\base\debug\highscoredata.obj
c:\users\141327j\desktop\sp4.git\base\debug\highscorestate.obj
c:\users\141327j\desktop\sp4.git\base\debug\instructionstate.obj
c:\users\141327j\desktop\sp4.git\base\debug\item.obj
c:\users\141327j\desktop\sp4.git\base\debug\leveldetails.obj
c:\users\141327j\desktop\sp4.git\base\debug\levelloader.obj
c:\users\141327j\desktop\sp4.git\base\debug\levelselectstate.obj
c:\users\141327j\desktop\sp4.git\base\debug\levelshopselectionstate.obj
c:\users\141327j\desktop\sp4.git\base\debug\loadobj.obj
c:\users\141327j\desktop\sp4.git\base\debug\loadtga.obj
c:\users\141327j\desktop\sp4.git\base\debug\luausage.obj
c:\users\141327j\desktop\sp4.git\base\debug\main.obj
c:\users\141327j\desktop\sp4.git\base\debug\map.obj
c:\users\141327j\desktop\sp4.git\base\debug\menustate.obj
c:\users\141327j\desktop\sp4.git\base\debug\mesh.obj
c:\users\141327j\desktop\sp4.git\base\debug\meshbuilder.obj
c:\users\141327j\desktop\sp4.git\base\debug\minimap.obj
c:\users\141327j\desktop\sp4.git\base\debug\optionstate.obj
c:\users\141327j\desktop\sp4.git\base\debug\ai.obj
c:\users\141327j\desktop\sp4.git\base\debug\allleveldetails.obj
c:\users\141327j\desktop\sp4.git\base\debug\application.obj
c:\users\141327j\desktop\sp4.git\base\debug\button.obj
c:\users\141327j\desktop\sp4.git\base\debug\camera.obj
c:\users\141327j\desktop\sp4.git\base\debug\camera3.obj
c:\users\141327j\desktop\sp4.git\base\debug\difficultyselectstate.obj
c:\users\141327j\desktop\sp4.git\base\debug\enemy.obj
c:\users\141327j\desktop\sp4.git\base\debug\gamestatemanager.obj
c:\users\141327j\desktop\sp4.git\base\debug\goodies.obj
c:\users\141327j\desktop\sp4.git\base\debug\goodiesfactory.obj
c:\users\141327j\desktop\sp4.git\base\debug\grid.obj
c:\users\141327j\desktop\sp4.git\debug\base.exe
c:\users\141327j\desktop\sp4.git\debug\base.pdb
c:\users\141327j\desktop\sp4.git\base\debug\base.tlog\cl.command.1.tlog
c:\users\141327j\desktop\sp4.git\base\debug\base.tlog\cl.read.1.tlog
c:\users\141327j\desktop\sp4.git\base\debug\base.tlog\cl.write.1.tlog
c:\users\141327j\desktop\sp4.git\base\debug\base.tlog\link.command.1.tlog
c:\users\141327j\desktop\sp4.git\base\debug\base.tlog\link.read.1.tlog
c:\users\141327j\desktop\sp4.git\base\debug\base.tlog\link.write.1.tlog
