c:\users\141327j\desktop\sp4-master\common\debug\vc120.pdb
c:\users\141327j\desktop\sp4-master\common\debug\vc120.idb
c:\users\141327j\desktop\sp4-master\common\debug\mathutility.obj
c:\users\141327j\desktop\sp4-master\common\debug\matrixstack.obj
c:\users\141327j\desktop\sp4-master\common\debug\mtx44.obj
c:\users\141327j\desktop\sp4-master\common\debug\timer.obj
c:\users\141327j\desktop\sp4-master\common\debug\vector2.obj
c:\users\141327j\desktop\sp4-master\common\debug\vector3.obj
e:\tammie\sp4-master\common\debug\vc120.pdb
e:\tammie\sp4-master\common\debug\vc120.idb
e:\tammie\sp4-master\common\debug\mathutility.obj
e:\tammie\sp4-master\common\debug\matrixstack.obj
e:\tammie\sp4-master\common\debug\mtx44.obj
e:\tammie\sp4-master\common\debug\timer.obj
e:\tammie\sp4-master\common\debug\vector2.obj
e:\tammie\sp4-master\common\debug\vector3.obj
c:\users\141327j\desktop\sp4-master\debug\common.lib
e:\tammie\sp4-master\debug\common.lib
e:\tammie\sp4-master\common\debug\common.tlog\cl.command.1.tlog
e:\tammie\sp4-master\common\debug\common.tlog\cl.read.1.tlog
e:\tammie\sp4-master\common\debug\common.tlog\cl.write.1.tlog
e:\tammie\sp4-master\common\debug\common.tlog\lib-link.read.1.tlog
e:\tammie\sp4-master\common\debug\common.tlog\lib-link.write.1.tlog
e:\tammie\sp4-master\common\debug\common.tlog\lib.command.1.tlog
