Build started 2/29/2016 5:35:08 PM.
     1>Project "C:\Users\141327J\Downloads\SP4-master (1)\SP4-master\Base\Base.vcxproj" on node 2 (Build target(s)).
     1>ClCompile:
         C:\Program Files (x86)\Microsoft Visual Studio 12.0\VC\bin\CL.exe /c /I"C:\Users\141327J\Downloads\SP4-master (1)\SP4-master\/Common/Source" /I"C:\Users\141327J\Downloads\SP4-master (1)\SP4-master\/glew/include" /I"C:\Users\141327J\Downloads\SP4-master (1)\SP4-master\/glfw/include" /Zi /nologo /W3 /WX- /O2 /Oi /Oy- /GL /D _VARIADIC_MAX=10 /D WIN32 /D NDEBUG /D _CONSOLE /D _UNICODE /D UNICODE /Gm- /EHsc /MD /GS /Gy /fp:precise /Zc:wchar_t /Zc:forScope /Fo"Release\\" /Fd"Release\vc120.pdb" /Gd /TP /analyze- /errorReport:prompt Source\AI.cpp Source\Application.cpp Source\Button.cpp Source\Camera.cpp Source\Camera3.cpp Source\DifficultySelectState.cpp Source\Enemy.cpp Source\HighscoreState.cpp Source\InstructionState.cpp Source\Item.cpp Source\LevelDetails.cpp Source\LevelLoader.cpp Source\LevelSelectState.cpp Source\LevelShopSelectionState.cpp Source\LoadOBJ.cpp Source\LuaUsage.cpp Source\main.cpp Source\Map.cpp Source\MenuState.cpp Source\Mesh.cpp Source\OptionState.cpp Source\PauseState.cpp Source\Player.cpp Source\PlayState.cpp Source\Save.cpp Source\SceneManager2D.cpp Source\SceneManager2DforScreen.cpp Source\Shop.cpp Source\ShopState.cpp Source\SoundManager.cpp Source\WinState.cpp
         AI.cpp
     1>c:\users\141327j\downloads\sp4-master (1)\sp4-master\base\source\lua.hpp(6): fatal error C1083: Cannot open include file: 'lua.h': No such file or directory
         Application.cpp
     1>c:\users\141327j\downloads\sp4-master (1)\sp4-master\base\source\lua.hpp(6): fatal error C1083: Cannot open include file: 'lua.h': No such file or directory
         Button.cpp
     1>c:\users\141327j\downloads\sp4-master (1)\sp4-master\base\source\lua.hpp(6): fatal error C1083: Cannot open include file: 'lua.h': No such file or directory
         Camera.cpp
     1>c:\users\141327j\downloads\sp4-master (1)\sp4-master\base\source\lua.hpp(6): fatal error C1083: Cannot open include file: 'lua.h': No such file or directory
         Camera3.cpp
     1>c:\users\141327j\downloads\sp4-master (1)\sp4-master\base\source\lua.hpp(6): fatal error C1083: Cannot open include file: 'lua.h': No such file or directory
         DifficultySelectState.cpp
     1>c:\users\141327j\downloads\sp4-master (1)\sp4-master\base\source\lua.hpp(6): fatal error C1083: Cannot open include file: 'lua.h': No such file or directory
         Enemy.cpp
     1>Source\Enemy.cpp(28): warning C4244: '=' : conversion from 'int' to 'float', possible loss of data
     1>Source\Enemy.cpp(34): warning C4244: '=' : conversion from 'int' to 'float', possible loss of data
     1>Source\Enemy.cpp(40): warning C4244: '=' : conversion from 'const int' to 'float', possible loss of data
     1>Source\Enemy.cpp(41): warning C4244: '=' : conversion from 'const int' to 'float', possible loss of data
     1>Source\Enemy.cpp(51): warning C4244: 'return' : conversion from 'float' to 'int', possible loss of data
     1>Source\Enemy.cpp(57): warning C4244: 'return' : conversion from 'float' to 'int', possible loss of data
     1>Source\Enemy.cpp(63): warning C4244: 'return' : conversion from 'float' to 'int', possible loss of data
     1>Source\Enemy.cpp(69): warning C4244: 'return' : conversion from 'float' to 'int', possible loss of data
         HighscoreState.cpp
     1>c:\users\141327j\downloads\sp4-master (1)\sp4-master\base\source\lua.hpp(6): fatal error C1083: Cannot open include file: 'lua.h': No such file or directory
         InstructionState.cpp
     1>c:\users\141327j\downloads\sp4-master (1)\sp4-master\base\source\lua.hpp(6): fatal error C1083: Cannot open include file: 'lua.h': No such file or directory
         Item.cpp
     1>c:\users\141327j\downloads\sp4-master (1)\sp4-master\base\source\lua.hpp(6): fatal error C1083: Cannot open include file: 'lua.h': No such file or directory
         LevelDetails.cpp
     1>c:\users\141327j\downloads\sp4-master (1)\sp4-master\base\source\lua.hpp(6): fatal error C1083: Cannot open include file: 'lua.h': No such file or directory
         LevelLoader.cpp
         LevelSelectState.cpp
     1>c:\users\141327j\downloads\sp4-master (1)\sp4-master\base\source\lua.hpp(6): fatal error C1083: Cannot open include file: 'lua.h': No such file or directory
         LevelShopSelectionState.cpp
     1>c:\users\141327j\downloads\sp4-master (1)\sp4-master\base\source\lua.hpp(6): fatal error C1083: Cannot open include file: 'lua.h': No such file or directory
         LoadOBJ.cpp
         LuaUsage.cpp
     1>c:\users\141327j\downloads\sp4-master (1)\sp4-master\base\source\lua.hpp(6): fatal error C1083: Cannot open include file: 'lua.h': No such file or directory
         main.cpp
     1>c:\users\141327j\downloads\sp4-master (1)\sp4-master\base\source\lua.hpp(6): fatal error C1083: Cannot open include file: 'lua.h': No such file or directory
         Map.cpp
         MenuState.cpp
     1>c:\users\141327j\downloads\sp4-master (1)\sp4-master\base\source\lua.hpp(6): fatal error C1083: Cannot open include file: 'lua.h': No such file or directory
         Mesh.cpp
         Compiling...
         OptionState.cpp
     1>c:\users\141327j\downloads\sp4-master (1)\sp4-master\base\source\lua.hpp(6): fatal error C1083: Cannot open include file: 'lua.h': No such file or directory
         PauseState.cpp
     1>c:\users\141327j\downloads\sp4-master (1)\sp4-master\base\source\lua.hpp(6): fatal error C1083: Cannot open include file: 'lua.h': No such file or directory
         Player.cpp
     1>c:\users\141327j\downloads\sp4-master (1)\sp4-master\base\source\lua.hpp(6): fatal error C1083: Cannot open include file: 'lua.h': No such file or directory
         PlayState.cpp
     1>c:\users\141327j\downloads\sp4-master (1)\sp4-master\base\source\lua.hpp(6): fatal error C1083: Cannot open include file: 'lua.h': No such file or directory
         Save.cpp
     1>c:\users\141327j\downloads\sp4-master (1)\sp4-master\base\source\lua.hpp(6): fatal error C1083: Cannot open include file: 'lua.h': No such file or directory
         SceneManager2D.cpp
     1>c:\users\141327j\downloads\sp4-master (1)\sp4-master\base\source\lua.hpp(6): fatal error C1083: Cannot open include file: 'lua.h': No such file or directory
         SceneManager2DforScreen.cpp
     1>c:\users\141327j\downloads\sp4-master (1)\sp4-master\base\source\lua.hpp(6): fatal error C1083: Cannot open include file: 'lua.h': No such file or directory
         Shop.cpp
     1>c:\users\141327j\downloads\sp4-master (1)\sp4-master\base\source\lua.hpp(6): fatal error C1083: Cannot open include file: 'lua.h': No such file or directory
         ShopState.cpp
     1>c:\users\141327j\downloads\sp4-master (1)\sp4-master\base\source\lua.hpp(6): fatal error C1083: Cannot open include file: 'lua.h': No such file or directory
         SoundManager.cpp
     1>c:\users\141327j\downloads\sp4-master (1)\sp4-master\base\source\SoundManager.h(5): fatal error C1083: Cannot open include file: 'irrKlang.h': No such file or directory
         WinState.cpp
     1>c:\users\141327j\downloads\sp4-master (1)\sp4-master\base\source\lua.hpp(6): fatal error C1083: Cannot open include file: 'lua.h': No such file or directory
     1>Done Building Project "C:\Users\141327J\Downloads\SP4-master (1)\SP4-master\Base\Base.vcxproj" (Build target(s)) -- FAILED.

Build FAILED.

Time Elapsed 00:00:13.34
